INFO    : Since no target was supplied, we will use "web".

INFO    : Building target web
INFO    : XSL conversion of /workspaces/BathMAFluids/source/main.ptx by /root/.ptx/2.29.1/core/xsl/utilities/pretext-enhanced-source.xsl
INFO    : successful application of /root/.ptx/2.29.1/core/xsl/utilities/pretext-enhanced-source.xsl
INFO    : Generating any needed assets.
INFO    : Finished generating assets.

INFO    : Preparing to build into /workspaces/BathMAFluids/output/web.
INFO    : discovering source file's directory name: /workspaces/BathMAFluids/source
INFO    : verifying and expanding input directory: /workspaces/BathMAFluids/source/../generated-assets
INFO    : input directory expanded to absolute path: /workspaces/BathMAFluids/generated-assets
INFO    : verifying and expanding input directory: /workspaces/BathMAFluids/source/../assets
INFO    : input directory expanded to absolute path: /workspaces/BathMAFluids/assets
INFO    : XSL conversion of /workspaces/BathMAFluids/source/main.ptx by /root/.ptx/2.29.1/core/xsl/utilities/report-publisher-variables.xsl
INFO    : successful application of /root/.ptx/2.29.1/core/xsl/utilities/report-publisher-variables.xsl
INFO    : Downloading rs services file from https://runestone.academy/cdn/runestone/latest/webpack_static_imports.xml.
INFO    : Runestone Services via online CDN query: version 7.9.10
INFO    : Downloading Runestone Services, version 7.9.10
INFO    : Extracting Runestone Services from archive file
INFO    : Building custom css theme: theme-denver
INFO    : converting /workspaces/BathMAFluids/source/main.ptx to HTML in /ptx-vl8mvmr5
INFO    : XSL conversion of /workspaces/BathMAFluids/source/main.ptx by /root/.ptx/2.29.1/core/xsl/pretext-html.xsl
INFO    : messages from the log for XSL processing:
WARNING : * PTX:WARNING: In a section containing subsections, any content that is not inside a subsection needs to be inside an <introduction> and/or  <conclusion>.
INFO    : *              located within: "Conservation of mass" (title)
INFO    : *              located within: "subsec-euler-momentum" (xml:id), "Momentum balance" (title)
INFO    : *              located within: "sec-bernoulli" (xml:id), "Bernoulli's equation" (title)
INFO    : * PTX:INFO:   checking all deprecated elements.
INFO    : successful application of /root/.ptx/2.29.1/core/xsl/pretext-html.xsl
INFO    : Removing temporary directory /ptx-vl8mvmr5
INFO    : Removing temporary directory /ptx-19zmwoxj
INFO    : 
Finished build for target web. Run `pretext view web` to see the results.

INFO    : 
Success!  Built requested target(s) without errors.

INFO    : 
