\BOOKMARK [0][-]{chapter*.1}{\376\377\000O\000f\000f\000i\000c\000i\000a\000l\000\040\000d\000e\000s\000c\000r\000i\000p\000t\000i\000o\000n}{}% 1
\BOOKMARK [0][-]{chapter*.4}{\376\377\000H\000i\000s\000t\000o\000r\000y\000\040\000o\000f\000\040\000t\000h\000e\000\040\000u\000n\000i\000t}{}% 2
\BOOKMARK [0][-]{chapter*.5}{\376\377\000R\000e\000l\000a\000t\000e\000d\000\040\000u\000n\000i\000t\000s\000\040\000a\000t\000\040\000B\000a\000t\000h}{}% 3
\BOOKMARK [0][-]{chapter*.6}{\376\377\000M\000o\000o\000d\000l\000e\000\040\000a\000n\000d\000\040\000o\000t\000h\000e\000r\000\040\000r\000e\000f\000e\000r\000e\000n\000c\000e\000s}{}% 4
\BOOKMARK [0][-]{chapter.8}{\376\377\000I\000n\000t\000r\000o\000d\000u\000c\000t\000i\000o\000n}{}% 5
\BOOKMARK [1][-]{section.19}{\376\377\000A\000\040\000r\000e\000m\000i\000n\000d\000e\000r\000\040\000o\000f\000\040\000v\000e\000c\000t\000o\000r\000\040\000c\000a\000l\000c\000u\000l\000u\000s}{chapter.8}% 6
\BOOKMARK [1][-]{section.22}{\376\377\000A\000\040\000r\000e\000m\000i\000n\000d\000e\000r\000\040\000o\000f\000\040\000c\000o\000m\000p\000l\000e\000x\000\040\000v\000a\000r\000i\000a\000b\000l\000e\000s}{chapter.8}% 7
\BOOKMARK [1][-]{section.49}{\376\377\000E\000x\000e\000r\000c\000i\000s\000e\000s}{chapter.8}% 8
\BOOKMARK [0][-]{chapter.68}{\376\377\000K\000i\000n\000e\000m\000a\000t\000i\000c\000s}{}% 9
\BOOKMARK [1][-]{section.75}{\376\377\000E\000u\000l\000e\000r\000i\000a\000n\000\040\000a\000n\000d\000\040\000L\000a\000g\000r\000a\000n\000g\000i\000a\000n\000\040\000c\000o\000o\000r\000d\000i\000n\000a\000t\000e\000s}{chapter.68}% 10
\BOOKMARK [1][-]{section.95}{\376\377\000E\000x\000a\000m\000p\000l\000e\000s\000\040\000a\000n\000d\000\040\000f\000l\000o\000w\000\040\000v\000i\000s\000u\000a\000l\000i\000s\000a\000t\000i\000o\000n}{chapter.68}% 11
\BOOKMARK [1][-]{section.118}{\376\377\000E\000x\000e\000r\000c\000i\000s\000e\000s}{chapter.68}% 12
\BOOKMARK [0][-]{chapter.147}{\376\377\000E\000q\000u\000a\000t\000i\000o\000n\000s\000\040\000o\000f\000\040\000m\000o\000t\000i\000o\000n}{}% 13
\BOOKMARK [1][-]{section.160}{\376\377\000R\000e\000y\000n\000o\000l\000d\000s\000'\000\040\000T\000r\000a\000n\000s\000p\000o\000r\000t\000\040\000T\000h\000e\000o\000r\000e\000m}{chapter.147}% 14
\BOOKMARK [1][-]{section.180}{\376\377\000C\000o\000n\000s\000e\000r\000v\000a\000t\000i\000o\000n\000\040\000o\000f\000\040\000m\000a\000s\000s}{chapter.147}% 15
\BOOKMARK [1][-]{section.197}{\376\377\000M\000o\000m\000e\000n\000t\000u\000m\000\040\000b\000a\000l\000a\000n\000c\000e}{chapter.147}% 16
\BOOKMARK [1][-]{section.208}{\376\377\000T\000h\000e\000\040\000E\000u\000l\000e\000r\000\040\000e\000q\000u\000a\000t\000i\000o\000n\000s}{chapter.147}% 17
\BOOKMARK [1][-]{section.231}{\376\377\000B\000e\000r\000n\000o\000u\000l\000l\000i\000'\000s\000\040\000e\000q\000u\000a\000t\000i\000o\000n}{chapter.147}% 18
\BOOKMARK [1][-]{section.265}{\376\377\000E\000x\000e\000r\000c\000i\000s\000e\000s}{chapter.147}% 19
\BOOKMARK [0][-]{chapter.289}{\376\377\000P\000o\000t\000e\000n\000t\000i\000a\000l\000\040\000f\000l\000o\000w\000s}{}% 20
\BOOKMARK [1][-]{section.294}{\376\377\000T\000h\000e\000\040\000v\000e\000l\000o\000c\000i\000t\000y\000\040\000p\000o\000t\000e\000n\000t\000i\000a\000l}{chapter.289}% 21
\BOOKMARK [1][-]{section.322}{\376\377\000T\000h\000e\000\040\000s\000t\000r\000e\000a\000m\000f\000u\000n\000c\000t\000i\000o\000n}{chapter.289}% 22
\BOOKMARK [1][-]{section.352}{\376\377\000T\000h\000e\000\040\000c\000o\000m\000p\000l\000e\000x\000\040\000p\000o\000t\000e\000n\000t\000i\000a\000l}{chapter.289}% 23
\BOOKMARK [1][-]{section.385}{\376\377\000T\000h\000e\000\040\000m\000e\000t\000h\000o\000d\000\040\000o\000f\000\040\000i\000m\000a\000g\000e\000s}{chapter.289}% 24
\BOOKMARK [1][-]{section.397}{\376\377\000C\000o\000n\000f\000o\000r\000m\000a\000l\000\040\000m\000a\000p\000p\000i\000n\000g}{chapter.289}% 25
\BOOKMARK [1][-]{section.426}{\376\377\000E\000x\000e\000r\000c\000i\000s\000e\000s}{chapter.289}% 26
\BOOKMARK [0][-]{chapter.429}{\376\377\000W\000a\000t\000e\000r\000\040\000w\000a\000v\000e\000s}{}% 27
\BOOKMARK [0][-]{chapter.430}{\376\377\000V\000o\000r\000t\000e\000x\000\040\000m\000o\000t\000i\000o\000n}{}% 28
\BOOKMARK [1][-]{section.450}{\376\377\000T\000h\000e\000\040\000H\000e\000l\000m\000h\000o\000l\000t\000z\000\040\000p\000r\000i\000n\000c\000i\000p\000l\000e}{chapter.430}% 29
\BOOKMARK [1][-]{section.484}{\376\377\000E\000x\000a\000m\000p\000l\000e\000s\000\040\000i\000l\000l\000u\000s\000t\000r\000a\000t\000i\000n\000g\000\040\000t\000h\000e\000\040\000u\000s\000e\000\040\000o\000f\000\040\000t\000h\000e\000\040\000H\000e\000l\000m\000h\000o\000l\000t\000z\000\040\000p\000r\000i\000n\000c\000i\000p\000l\000e}{chapter.430}% 30
\BOOKMARK [1][-]{section.485}{\376\377\000E\000x\000e\000r\000c\000i\000s\000e\000s}{chapter.430}% 31
\BOOKMARK [0][-]{chapter.490}{\376\377\000V\000i\000s\000c\000o\000u\000s\000\040\000f\000l\000o\000w\000s}{}% 32
\BOOKMARK [1][-]{section.499}{\376\377\000I\000m\000p\000o\000r\000t\000a\000n\000t\000\040\000d\000e\000f\000i\000n\000i\000t\000i\000o\000n\000s}{chapter.490}% 33
\BOOKMARK [1][-]{section.532}{\376\377\000B\000o\000u\000n\000d\000a\000r\000i\000e\000s\000,\000\040\000s\000u\000r\000f\000a\000c\000e\000s\000\040\000a\000n\000d\000\040\000i\000n\000t\000e\000r\000f\000a\000c\000e\000s\000\040\000o\000f\000\040\000f\000l\000u\000i\000d\000s}{chapter.490}% 34
\BOOKMARK [1][-]{section.560}{\376\377\000S\000t\000r\000e\000s\000s\000\040\000i\000n\000\040\000a\000\040\000f\000l\000u\000i\000d}{chapter.490}% 35
\BOOKMARK [1][-]{section.600}{\376\377\000N\000e\000w\000t\000o\000n\000i\000a\000n\000\040\000f\000l\000u\000i\000d\000s}{chapter.490}% 36
\BOOKMARK [1][-]{section.640}{\376\377\000C\000o\000n\000s\000e\000r\000v\000a\000t\000i\000o\000n\000\040\000o\000f\000\040\000l\000i\000n\000e\000a\000r\000\040\000m\000o\000m\000e\000n\000t\000u\000m}{chapter.490}% 37
\BOOKMARK [1][-]{section.675}{\376\377\000E\000x\000e\000r\000c\000i\000s\000e\000s}{chapter.490}% 38
\BOOKMARK [-1][-]{section*.691}{\376\377\000A\000p\000p\000e\000n\000d\000i\000c\000e\000s}{}% 39
\BOOKMARK [0][-]{appendix.692}{\376\377\000V\000e\000c\000t\000o\000r\000\040\000c\000a\000l\000c\000u\000l\000u\000s}{section*.691}% 40
\BOOKMARK [1][-]{section.693}{\376\377\000I\000d\000e\000n\000t\000i\000t\000i\000e\000s\000\040\000f\000o\000r\000\040\000p\000l\000a\000n\000e\000\040\000p\000o\000l\000a\000r\000\040\000c\000o\000o\000r\000d\000i\000n\000a\000t\000e\000s}{appendix.692}% 41
\BOOKMARK [0][-]{appendix.698}{\376\377\000L\000i\000s\000t\000\040\000o\000f\000\040\000S\000y\000m\000b\000o\000l\000s}{section*.691}% 42
\BOOKMARK [-1][-]{section*.699}{\376\377\000B\000a\000c\000k\000\040\000M\000a\000t\000t\000e\000r}{}% 43
\BOOKMARK [0][-]{section*.700}{\376\377\000I\000n\000d\000e\000x}{section*.699}% 44
\BOOKMARK [0][-]{appendix*.702}{\376\377\000R\000e\000f\000e\000r\000e\000n\000c\000e\000s\000\040\000a\000n\000d\000\040\000f\000u\000r\000t\000h\000e\000r\000\040\000r\000e\000a\000d\000i\000n\000g}{section*.699}% 45
